{
  "stats": {
    "suites": 1,
    "tests": 1,
    "passes": 1,
    "pending": 0,
    "failures": 0,
    "start": "2022-12-05T03:09:52.027Z",
    "end": "2022-12-05T03:09:57.480Z",
    "duration": 5453,
    "testsRegistered": 1,
    "passPercent": 100,
    "pendingPercent": 0,
    "other": 0,
    "hasOther": false,
    "skipped": 0,
    "hasSkipped": false
  },
  "results": [
    {
      "uuid": "ca65236a-6c8c-4047-ad6a-134902a429bb",
      "title": "",
      "fullFile": "cypress\\e2e\\Entregafinal.cy.js",
      "file": "cypress\\e2e\\Entregafinal.cy.js",
      "beforeHooks": [],
      "afterHooks": [],
      "tests": [],
      "suites": [
        {
          "uuid": "72e34009-32ce-47ca-87ca-523e1ca5332e",
          "title": "Module Online Shope",
          "fullFile": "",
          "file": "",
          "beforeHooks": [],
          "afterHooks": [],
          "tests": [
            {
              "title": "",
              "fullTitle": "Module Online Shope ",
              "timedOut": null,
              "duration": 5321,
              "state": "passed",
              "speed": "medium",
              "pass": true,
              "fail": false,
              "pending": false,
              "context": null,
              "code": "cy.visit('');\nregisterPage.dobleClickRegister();\nloginPage.escribirUsuario(logindata.usuario);\nloginPage.escribirContraseña(logindata.contraseña);\nloginPage.clickLoginButton();\nhomePage.clickOnlineShop();\nproductsPage.clickAddtocart(productos.producto1.name);\nproductsPage.clickAddtocart(productos.producto2.name);\nproductsPage.clickGoToShoppingCart();\nshoppingCartPage.clickShowTotalPrice();\nshoppingCartPage.VerificoProductos();\nshoppingCartPage.VerificoPrecios(productos.producto1.precio + productos.producto2.precio);",
              "err": {},
              "uuid": "37f1dbb2-8fa5-430e-b425-bcb15b983666",
              "parentUUID": "72e34009-32ce-47ca-87ca-523e1ca5332e",
              "isHook": false,
              "skipped": false
            }
          ],
          "suites": [],
          "passes": [
            "37f1dbb2-8fa5-430e-b425-bcb15b983666"
          ],
          "failures": [],
          "pending": [],
          "skipped": [],
          "duration": 5321,
          "root": false,
          "rootEmpty": false,
          "_timeout": 2000
        }
      ],
      "passes": [],
      "failures": [],
      "pending": [],
      "skipped": [],
      "duration": 0,
      "root": true,
      "rootEmpty": true,
      "_timeout": 2000
    }
  ],
  "meta": {
    "mocha": {
      "version": "7.0.1"
    },
    "mochawesome": {
      "options": {
        "quiet": false,
        "reportFilename": "mochawesome",
        "saveHtml": true,
        "saveJson": true,
        "consoleReporter": "spec",
        "useInlineDiffs": false,
        "code": true
      },
      "version": "7.1.3"
    },
    "marge": {
      "options": {
        "reportDir": "cypress/results",
        "overwrite": false,
        "html": true,
        "json": true
      },
      "version": "6.2.0"
    }
  }
}