{
  "stats": {
    "suites": 1,
    "tests": 1,
    "passes": 1,
    "pending": 0,
    "failures": 0,
    "start": "2022-12-02T03:41:57.312Z",
    "end": "2022-12-02T03:42:03.820Z",
    "duration": 6508,
    "testsRegistered": 1,
    "passPercent": 100,
    "pendingPercent": 0,
    "other": 0,
    "hasOther": false,
    "skipped": 0,
    "hasSkipped": false
  },
  "results": [
    {
      "uuid": "99f29bf6-0b6a-4d46-a167-4a0b31c55800",
      "title": "",
      "fullFile": "cypress\\e2e\\Entregafinal.cy.js",
      "file": "cypress\\e2e\\Entregafinal.cy.js",
      "beforeHooks": [],
      "afterHooks": [],
      "tests": [],
      "suites": [
        {
          "uuid": "d7a64178-e6b7-4e86-aa22-c2e9f4183dcf",
          "title": "Module Online Shope",
          "fullFile": "",
          "file": "",
          "beforeHooks": [],
          "afterHooks": [],
          "tests": [
            {
              "title": "",
              "fullTitle": "Module Online Shope ",
              "timedOut": null,
              "duration": 6353,
              "state": "passed",
              "speed": "medium",
              "pass": true,
              "fail": false,
              "pending": false,
              "context": null,
              "code": "cy.visit('');\nregisterPage.dobleClickRegister();\nloginPage.escribirUsuario(logindata.usuario);\nloginPage.escribirContraseña(logindata.contraseña);\nloginPage.clickLoginButton();\nhomePage.clickOnlineShop();\nproductsPage.clickAddtocart(productos.producto1.name);\nproductsPage.clickAddtocart(productos.producto2.name);\nproductsPage.clickGoToShoppingCart();\nonlinePage.clickShowTotalPrice();\nonlinePage.VerificoProductos();\nonlinePage.VerificoPrecios(productos.producto1.precio + productos.producto2.precio);",
              "err": {},
              "uuid": "dc85da50-a5ac-4c6a-8ad5-5dff3e3d1abe",
              "parentUUID": "d7a64178-e6b7-4e86-aa22-c2e9f4183dcf",
              "isHook": false,
              "skipped": false
            }
          ],
          "suites": [],
          "passes": [
            "dc85da50-a5ac-4c6a-8ad5-5dff3e3d1abe"
          ],
          "failures": [],
          "pending": [],
          "skipped": [],
          "duration": 6353,
          "root": false,
          "rootEmpty": false,
          "_timeout": 2000
        }
      ],
      "passes": [],
      "failures": [],
      "pending": [],
      "skipped": [],
      "duration": 0,
      "root": true,
      "rootEmpty": true,
      "_timeout": 2000
    }
  ],
  "meta": {
    "mocha": {
      "version": "7.0.1"
    },
    "mochawesome": {
      "options": {
        "quiet": false,
        "reportFilename": "mochawesome",
        "saveHtml": true,
        "saveJson": true,
        "consoleReporter": "spec",
        "useInlineDiffs": false,
        "code": true
      },
      "version": "7.1.3"
    },
    "marge": {
      "options": {
        "reportDir": "cypress/results",
        "overwrite": false,
        "html": true,
        "json": true
      },
      "version": "6.2.0"
    }
  }
}